a_wizard_did_it.rb: process with pid 841 started.
I, [2012-03-07T10:10:45.504111 #841]  INFO -- : connected
I, [2012-03-07T10:10:45.612785 #841]  INFO -- : Processing Message: {"created_at":"2012-03-07T18:08:01Z","id":66,"image":{"url":"/uploads/page/image/66/027_L.JPG","thumb":{"url":"/uploads/page/image/66/thumb_027_L.JPG"}},"last_page":null,"page_no":1,"page_number":null,"pdf_file":null,"processed":null,"processed_image":null,"updated_at":"2012-03-07T18:08:01Z","user_book_id":30}
I, [2012-03-07T10:10:45.677760 #841]  INFO -- : Processing /home/egonz/projects/Majick12/public/uploads/page/image/66/027_L.JPG ...
I, [2012-03-07T10:10:46.348232 #841]  INFO -- : writing /home/egonz/projects/Majick12/tmp/027_L.mpc
convert -respect-parenthesis \( /home/egonz/projects/Majick12/tmp/027_L.mpc -colorspace gray -type grayscale -normalize \) \
	\( -clone 0  -colorspace gray -negate -lat 15x15+5% -contrast-stretch 0 \) \
	-compose copy_opacity -composite -fill 'white' -opaque none +matte \
	/home/egonz/projects/Majick12/tmp/027_L.mpc
convert /home/egonz/projects/Majick12/tmp/027_L.mpc -level 0,100,.96% -clamp +level 0,100% /home/egonz/projects/Majick12/tmp/027_L.mpc
D, [2012-03-07T10:11:25.465711 #841] DEBUG -- : Time elapsed 38686.124099 miliseconds
I, [2012-03-07T10:11:25.474876 #841]  INFO -- : save image /home/egonz/projects/Majick12/public/uploads/page/image/66/027_L_mj12.JPG
I, [2012-03-07T10:11:30.208497 #841]  INFO -- : Performing OCR and generating PDF
D, [2012-03-07T10:11:30.256100 #841] DEBUG -- : tesseract /home/egonz/projects/Majick12/public/uploads/page/image/66/027_L_mj12.JPG /home/egonz/projects/Majick12/public/uploads/page/image/66/027_L_mj12 -l en hocr
Tesseract Open Source OCR Engine with Leptonica
D, [2012-03-07T10:11:39.892408 #841] DEBUG -- : hocr2pdf -i /home/egonz/projects/Majick12/public/uploads/page/image/66/027_L_mj12.JPG -o /home/egonz/projects/Majick12/public/uploads/page/image/66/027_L_mj12.pdf < /home/egonz/projects/Majick12/public/uploads/page/image/66/027_L_mj12.html
Writing unmodified DCT buffer.
I, [2012-03-07T10:11:40.563986 #841]  INFO -- : Processed PDF /home/egonz/projects/Majick12/public/uploads/page/image/66/027_L_mj12.pdf
I, [2012-03-07T10:11:41.035510 #841]  INFO -- : Processing Message: {"created_at":"2012-03-07T18:08:08Z","id":67,"image":{"url":"/uploads/page/image/67/028_R.JPG","thumb":{"url":"/uploads/page/image/67/thumb_028_R.JPG"}},"last_page":null,"page_no":2,"page_number":null,"pdf_file":null,"processed":null,"processed_image":null,"updated_at":"2012-03-07T18:08:08Z","user_book_id":30}
I, [2012-03-07T10:11:41.035976 #841]  INFO -- : Processing /home/egonz/projects/Majick12/public/uploads/page/image/67/028_R.JPG ...
I, [2012-03-07T10:11:41.431468 #841]  INFO -- : writing /home/egonz/projects/Majick12/tmp/028_R.mpc
convert -respect-parenthesis \( /home/egonz/projects/Majick12/tmp/028_R.mpc -colorspace gray -type grayscale -normalize \) \
	\( -clone 0  -colorspace gray -negate -lat 15x15+5% -contrast-stretch 0 \) \
	-compose copy_opacity -composite -fill 'white' -opaque none +matte \
	/home/egonz/projects/Majick12/tmp/028_R.mpc
convert /home/egonz/projects/Majick12/tmp/028_R.mpc -level 0,100,.96% -clamp +level 0,100% /home/egonz/projects/Majick12/tmp/028_R.mpc
D, [2012-03-07T10:12:34.017961 #841] DEBUG -- : Time elapsed 52478.607447999995 miliseconds
I, [2012-03-07T10:12:34.018130 #841]  INFO -- : save image /home/egonz/projects/Majick12/public/uploads/page/image/67/028_R_mj12.JPG
I, [2012-03-07T10:12:34.636896 #841]  INFO -- : Performing OCR and generating PDF
D, [2012-03-07T10:12:34.652054 #841] DEBUG -- : tesseract /home/egonz/projects/Majick12/public/uploads/page/image/67/028_R_mj12.JPG /home/egonz/projects/Majick12/public/uploads/page/image/67/028_R_mj12 -l en hocr
Tesseract Open Source OCR Engine with Leptonica
D, [2012-03-07T10:12:41.355849 #841] DEBUG -- : hocr2pdf -i /home/egonz/projects/Majick12/public/uploads/page/image/67/028_R_mj12.JPG -o /home/egonz/projects/Majick12/public/uploads/page/image/67/028_R_mj12.pdf < /home/egonz/projects/Majick12/public/uploads/page/image/67/028_R_mj12.html
Writing unmodified DCT buffer.
I, [2012-03-07T10:12:42.347016 #841]  INFO -- : Processed PDF /home/egonz/projects/Majick12/public/uploads/page/image/67/028_R_mj12.pdf
E, [2012-03-07T10:12:42.799681 #841] ERROR -- : Error in handling queued majick message  [e=undefined method `book' for #<Page:0x00000004eaaa98>].
E, [2012-03-07T10:12:42.799790 #841] ERROR -- : /home/egonz/.rvm/gems/ruby-1.9.2-p290/gems/activemodel-3.2.2/lib/active_model/attribute_methods.rb:407:in `method_missing'
/home/egonz/.rvm/gems/ruby-1.9.2-p290/gems/activerecord-3.2.2/lib/active_record/attribute_methods.rb:148:in `method_missing'
/home/egonz/projects/Majick12/bin/a_wizard_did_it.rb:61:in `block in <top (required)>'
/home/egonz/.rvm/gems/ruby-1.9.2-p290/gems/onstomp-1.0.6/lib/onstomp/components/subscription.rb:23:in `call'
/home/egonz/.rvm/gems/ruby-1.9.2-p290/gems/onstomp-1.0.6/lib/onstomp/components/subscription.rb:23:in `call'
/home/egonz/.rvm/gems/ruby-1.9.2-p290/gems/onstomp-1.0.6/lib/onstomp/interfaces/subscription_manager.rb:41:in `dispatch_subscription'
/home/egonz/.rvm/gems/ruby-1.9.2-p290/gems/onstomp-1.0.6/lib/onstomp/interfaces/subscription_manager.rb:16:in `block in configure_subscription_management'
/home/egonz/.rvm/gems/ruby-1.9.2-p290/gems/onstomp-1.0.6/lib/onstomp/interfaces/event_manager.rb:30:in `call'
/home/egonz/.rvm/gems/ruby-1.9.2-p290/gems/onstomp-1.0.6/lib/onstomp/interfaces/event_manager.rb:30:in `block in trigger_event'
/home/egonz/.rvm/gems/ruby-1.9.2-p290/gems/onstomp-1.0.6/lib/onstomp/interfaces/event_manager.rb:30:in `each'
/home/egonz/.rvm/gems/ruby-1.9.2-p290/gems/onstomp-1.0.6/lib/onstomp/interfaces/event_manager.rb:30:in `trigger_event'
/home/egonz/.rvm/gems/ruby-1.9.2-p290/gems/onstomp-1.0.6/lib/onstomp/interfaces/client_events.rb:157:in `trigger_frame_event'
/home/egonz/.rvm/gems/ruby-1.9.2-p290/gems/onstomp-1.0.6/lib/onstomp/interfaces/client_events.rb:173:in `trigger_after_receiving'
/home/egonz/.rvm/gems/ruby-1.9.2-p290/gems/onstomp-1.0.6/lib/onstomp/client.rb:147:in `dispatch_received'
/home/egonz/.rvm/gems/ruby-1.9.2-p290/gems/onstomp-1.0.6/lib/onstomp/connections/base.rb:215:in `block in io_process_read'
/home/egonz/.rvm/gems/ruby-1.9.2-p290/gems/onstomp-1.0.6/lib/onstomp/connections/serializers/stomp_1.rb:144:in `bytes_to_frame'
/home/egonz/.rvm/gems/ruby-1.9.2-p290/gems/onstomp-1.0.6/lib/onstomp/connections/base.rb:213:in `io_process_read'
/home/egonz/.rvm/gems/ruby-1.9.2-p290/gems/onstomp-1.0.6/lib/onstomp/connections/base.rb:125:in `io_process'
/home/egonz/.rvm/gems/ruby-1.9.2-p290/gems/onstomp-1.0.6/lib/onstomp/components/threaded_processor.rb:28:in `block in start'
a_wizard_did_it.rb: process with pid 2528 started.
I, [2012-03-11T23:32:43.036067 #2528]  INFO -- : connected
I, [2012-03-11T23:48:18.227634 #2528]  INFO -- : Processing Message: {"created_at":"2012-03-12T06:48:17Z","id":69,"image":{"url":"/uploads/page/image/69/112_R.JPG","thumb":{"url":"/uploads/page/image/69/thumb_112_R.JPG"}},"last_page":null,"page_no":1,"page_number":null,"pdf_file":null,"processed":null,"processed_image":null,"updated_at":"2012-03-12T06:48:17Z","user_book_id":31}
I, [2012-03-11T23:48:18.228258 #2528]  INFO -- : Processing /home/egonz/projects/Majick12/public/uploads/page/image/69/112_R.JPG ...
I, [2012-03-11T23:48:18.747687 #2528]  INFO -- : writing /home/egonz/projects/Majick12/tmp/112_R.mpc
convert -respect-parenthesis \( /home/egonz/projects/Majick12/tmp/112_R.mpc -colorspace gray -type grayscale -normalize \) \
	\( -clone 0  -colorspace gray -negate -lat 15x15+5% -contrast-stretch 0 \) \
	-compose copy_opacity -composite -fill 'white' -opaque none +matte \
	/home/egonz/projects/Majick12/tmp/112_R.mpc
convert /home/egonz/projects/Majick12/tmp/112_R.mpc -level 0,100,.96% -clamp +level 0,100% /home/egonz/projects/Majick12/tmp/112_R.mpc
D, [2012-03-11T23:48:47.083509 #2528] DEBUG -- : Time elapsed 28103.509051 miliseconds
I, [2012-03-11T23:48:47.083736 #2528]  INFO -- : save image /home/egonz/projects/Majick12/public/uploads/page/image/69/112_R_mj12.JPG
I, [2012-03-11T23:48:49.492180 #2528]  INFO -- : Performing OCR and generating PDF
D, [2012-03-11T23:48:49.506867 #2528] DEBUG -- : tesseract /home/egonz/projects/Majick12/public/uploads/page/image/69/112_R_mj12.JPG /home/egonz/projects/Majick12/public/uploads/page/image/69/112_R_mj12 -l en hocr
Tesseract Open Source OCR Engine with Leptonica
D, [2012-03-11T23:49:01.368033 #2528] DEBUG -- : hocr2pdf -i /home/egonz/projects/Majick12/public/uploads/page/image/69/112_R_mj12.JPG -o /home/egonz/projects/Majick12/public/uploads/page/image/69/112_R_mj12.pdf < /home/egonz/projects/Majick12/public/uploads/page/image/69/112_R_mj12.html
Writing unmodified DCT buffer.
I, [2012-03-11T23:49:01.943909 #2528]  INFO -- : Processed PDF /home/egonz/projects/Majick12/public/uploads/page/image/69/112_R_mj12.pdf
I, [2012-03-11T23:49:02.080501 #2528]  INFO -- : Processing Message: {"created_at":"2012-03-12T06:48:27Z","id":70,"image":{"url":"/uploads/page/image/70/113_L.JPG","thumb":{"url":"/uploads/page/image/70/thumb_113_L.JPG"}},"last_page":null,"page_no":2,"page_number":null,"pdf_file":null,"processed":null,"processed_image":null,"updated_at":"2012-03-12T06:48:27Z","user_book_id":31}
I, [2012-03-11T23:49:02.084038 #2528]  INFO -- : Processing /home/egonz/projects/Majick12/public/uploads/page/image/70/113_L.JPG ...
I, [2012-03-11T23:49:02.415931 #2528]  INFO -- : writing /home/egonz/projects/Majick12/tmp/113_L.mpc
convert -respect-parenthesis \( /home/egonz/projects/Majick12/tmp/113_L.mpc -colorspace gray -type grayscale -normalize \) \
	\( -clone 0  -colorspace gray -negate -lat 15x15+5% -contrast-stretch 0 \) \
	-compose copy_opacity -composite -fill 'white' -opaque none +matte \
	/home/egonz/projects/Majick12/tmp/113_L.mpc
convert /home/egonz/projects/Majick12/tmp/113_L.mpc -level 0,100,.96% -clamp +level 0,100% /home/egonz/projects/Majick12/tmp/113_L.mpc
D, [2012-03-11T23:49:26.351603 #2528] DEBUG -- : Time elapsed 23835.62917 miliseconds
I, [2012-03-11T23:49:26.351781 #2528]  INFO -- : save image /home/egonz/projects/Majick12/public/uploads/page/image/70/113_L_mj12.JPG
I, [2012-03-11T23:49:26.867731 #2528]  INFO -- : Performing OCR and generating PDF
D, [2012-03-11T23:49:26.867868 #2528] DEBUG -- : tesseract /home/egonz/projects/Majick12/public/uploads/page/image/70/113_L_mj12.JPG /home/egonz/projects/Majick12/public/uploads/page/image/70/113_L_mj12 -l en hocr
Tesseract Open Source OCR Engine with Leptonica
D, [2012-03-11T23:49:36.496022 #2528] DEBUG -- : hocr2pdf -i /home/egonz/projects/Majick12/public/uploads/page/image/70/113_L_mj12.JPG -o /home/egonz/projects/Majick12/public/uploads/page/image/70/113_L_mj12.pdf < /home/egonz/projects/Majick12/public/uploads/page/image/70/113_L_mj12.html
Writing unmodified DCT buffer.
I, [2012-03-11T23:49:36.939079 #2528]  INFO -- : Processed PDF /home/egonz/projects/Majick12/public/uploads/page/image/70/113_L_mj12.pdf
E, [2012-03-11T23:49:37.002870 #2528] ERROR -- : Error in handling queued majick message  [e=undefined method `book' for #<Page:0x000000030f3590>].
E, [2012-03-11T23:49:37.002996 #2528] ERROR -- : /home/egonz/.rvm/gems/ruby-1.9.2-p290/gems/activemodel-3.2.2/lib/active_model/attribute_methods.rb:407:in `method_missing'
/home/egonz/.rvm/gems/ruby-1.9.2-p290/gems/activerecord-3.2.2/lib/active_record/attribute_methods.rb:148:in `method_missing'
/home/egonz/projects/Majick12/bin/a_wizard_did_it.rb:61:in `block in <top (required)>'
/home/egonz/.rvm/gems/ruby-1.9.2-p290/gems/onstomp-1.0.6/lib/onstomp/components/subscription.rb:23:in `call'
/home/egonz/.rvm/gems/ruby-1.9.2-p290/gems/onstomp-1.0.6/lib/onstomp/components/subscription.rb:23:in `call'
/home/egonz/.rvm/gems/ruby-1.9.2-p290/gems/onstomp-1.0.6/lib/onstomp/interfaces/subscription_manager.rb:41:in `dispatch_subscription'
/home/egonz/.rvm/gems/ruby-1.9.2-p290/gems/onstomp-1.0.6/lib/onstomp/interfaces/subscription_manager.rb:16:in `block in configure_subscription_management'
/home/egonz/.rvm/gems/ruby-1.9.2-p290/gems/onstomp-1.0.6/lib/onstomp/interfaces/event_manager.rb:30:in `call'
/home/egonz/.rvm/gems/ruby-1.9.2-p290/gems/onstomp-1.0.6/lib/onstomp/interfaces/event_manager.rb:30:in `block in trigger_event'
/home/egonz/.rvm/gems/ruby-1.9.2-p290/gems/onstomp-1.0.6/lib/onstomp/interfaces/event_manager.rb:30:in `each'
/home/egonz/.rvm/gems/ruby-1.9.2-p290/gems/onstomp-1.0.6/lib/onstomp/interfaces/event_manager.rb:30:in `trigger_event'
/home/egonz/.rvm/gems/ruby-1.9.2-p290/gems/onstomp-1.0.6/lib/onstomp/interfaces/client_events.rb:157:in `trigger_frame_event'
/home/egonz/.rvm/gems/ruby-1.9.2-p290/gems/onstomp-1.0.6/lib/onstomp/interfaces/client_events.rb:173:in `trigger_after_receiving'
/home/egonz/.rvm/gems/ruby-1.9.2-p290/gems/onstomp-1.0.6/lib/onstomp/client.rb:147:in `dispatch_received'
/home/egonz/.rvm/gems/ruby-1.9.2-p290/gems/onstomp-1.0.6/lib/onstomp/connections/base.rb:215:in `block in io_process_read'
/home/egonz/.rvm/gems/ruby-1.9.2-p290/gems/onstomp-1.0.6/lib/onstomp/connections/serializers/stomp_1.rb:144:in `bytes_to_frame'
/home/egonz/.rvm/gems/ruby-1.9.2-p290/gems/onstomp-1.0.6/lib/onstomp/connections/base.rb:213:in `io_process_read'
/home/egonz/.rvm/gems/ruby-1.9.2-p290/gems/onstomp-1.0.6/lib/onstomp/connections/base.rb:125:in `io_process'
/home/egonz/.rvm/gems/ruby-1.9.2-p290/gems/onstomp-1.0.6/lib/onstomp/components/threaded_processor.rb:28:in `block in start'
